<?xml version="1.0" encoding="UTF-8"?>
<!-- Generated by org.testng.reporters.JUnitReportReporter -->
<testsuite skipped="0" hostname="BDC8-D-6P5HH92" name="sanity.Login" tests="1" failures="0" timestamp="29 Aug 2017 04:03:13 GMT" time="430.992" errors="0">
  <testcase name="capture" time="430.992" classname="sanity.Login"/>
</testsuite> <!-- sanity.Login -->
