<?xml version="1.0" encoding="UTF-8"?>
<!-- Generated by org.testng.reporters.JUnitReportReporter -->
<testsuite skipped="0" hostname="BDC8-D-6P5HH92" name="cookies.autoitupload" tests="1" failures="0" timestamp="13 Jul 2017 13:11:23 GMT" time="5.921" errors="0">
  <testcase name="log" time="5.921" classname="cookies.autoitupload"/>
</testsuite> <!-- cookies.autoitupload -->
