<?xml version="1.0" encoding="UTF-8"?>
<!-- Generated by org.testng.reporters.JUnitReportReporter -->
<testsuite skipped="0" hostname="BDC8-D-6P5HH92" name="Puma.Puma" tests="1" failures="0" timestamp="25 Oct 2017 05:21:14 GMT" time="11.923" errors="0">
  <testcase name="puma" time="11.923" classname="Puma.Puma"/>
</testsuite> <!-- Puma.Puma -->
