<?xml version="1.0" encoding="UTF-8"?>
<!-- Generated by org.testng.reporters.JUnitReportReporter -->
<testsuite skipped="0" hostname="BDC8-D-6P5HH92" name="cookies.CaptureCookies" tests="1" failures="0" timestamp="28 Jun 2017 08:54:16 GMT" time="55.088" errors="0">
  <testcase name="capture" time="55.088" classname="cookies.CaptureCookies"/>
</testsuite> <!-- cookies.CaptureCookies -->
