<?xml version="1.0" encoding="UTF-8"?>
<!-- Generated by org.testng.reporters.JUnitReportReporter -->
<testsuite skipped="0" hostname="BDC8-D-6P5HH92" name="configDemo.TestConfig" tests="1" failures="0" timestamp="22 Aug 2017 11:40:33 GMT" time="0.016" errors="0">
  <testcase name="testconfig" time="0.016" classname="configDemo.TestConfig"/>
</testsuite> <!-- configDemo.TestConfig -->
