<?xml version="1.0" encoding="UTF-8"?>
<!-- Generated by org.testng.reporters.JUnitReportReporter -->
<testsuite skipped="0" hostname="BDC8-D-6P5HH92" name="cookies.Authentication" tests="1" failures="0" timestamp="28 Jun 2017 10:03:57 GMT" time="44.312" errors="0">
  <testcase name="capture" time="44.312" classname="cookies.Authentication"/>
</testsuite> <!-- cookies.Authentication -->
